2000 192  0   4.4  -1.7   2.8  -1.5   5.2  364.  1.38     2
2000 192  1   4.9  -3.2   1.0   2.6   5.0  359.  1.29     3
2000 192  2   5.8  -1.2   0.8   5.1   5.4  374.  1.51     8
2000 192  3   6.7  -1.5   5.7   1.6   5.2  374.  1.45    12
2000 192  4   8.4  -0.6   6.1  -1.2   5.7  388.  1.72    13
2000 192  5   9.4   2.2   8.0  -4.0   4.6  403.  1.49     6
2000 192  6   9.8   1.8   7.6  -5.6   5.0  401.  1.61    11
2000 192  7  18.6   3.5  15.7  -8.5   8.2  471.  3.64    -2
2000 192  8  19.1  -6.1  15.1   2.9   7.7  440.  2.98   -17
2000 192  9  17.4  -4.2  15.8   2.7   7.9  460.  3.34     0
2000 192 10  17.1  -1.3  14.3   5.7   8.6  481.  3.98     7
2000 192 11  16.5  -3.5  10.7  10.9   7.7  465.  3.33     2
2000 192 12  15.4   0.2  10.7   6.1   7.6  487.  3.60     1
2000 192 13  11.8   0.0   0.9  10.7  13.2  475.  5.96    13
2000 192 14   8.1   1.7   1.3   5.0  13.8  467.  6.02    13
2000 192 15   7.0  -0.3   2.9   1.3  11.9  462.  5.08    11
2000 192 16   9.6   2.3   7.6   3.6  10.1  478.  4.62     9
2000 192 17  10.5   0.5   6.6   4.7  12.5  469.  5.50    12
2000 192 18  11.9   0.7   8.8   1.9  15.7  469.  6.91    16
2000 192 19  13.1  -1.2   4.5  11.5  14.3  460.  6.05     9
2000 192 20  13.7  -2.1   3.4  12.6  10.1  440.  3.91     9
2000 192 21  14.4  -2.3   5.3  12.9  14.7  441.  5.72    16
2000 192 22  14.7  -1.9   8.7  10.8  18.2  440.  7.05    21
2000 192 23  13.6  -8.3  -5.5   4.9  16.4  416.  5.68    17
2000 193  0  13.9  -2.8  -6.2   8.1  12.3  440.  4.76    17
2000 193  1  12.2   5.9   3.1   8.3  16.7  467.  7.28    23
2000 193  2  12.8   6.0   7.7   2.5  13.4  457.  5.60    18
2000 193  3  15.5   8.8  12.7   0.3  17.1  444.  6.74    34
2000 193  4  12.4   7.1   9.1   2.9  33.9  436. 12.89    44
2000 193  5  11.5   5.6   9.9  -0.8  32.7  433. 12.26    50
2000 193  6  11.2   4.2  10.1  -0.6  23.9  434.  9.00    25
2000 193  7  13.3   1.0  12.4   3.1  19.6  432.  7.32    21
2000 193  8  13.7   1.5  13.4  -1.6  19.5  435.  7.38    25
2000 193  9  12.0  -1.8  10.1   0.8  24.7  434.  9.30    22
2000 193 10  11.2   2.8  10.3  -2.4  21.5  440.  8.32    28
2000 193 11  10.8   2.7   9.8  -3.5  18.6  434.  7.01    20
2000 193 12  16.7  -0.4  16.3  -1.7  25.0  446.  9.95    25
2000 193 13  19.8   4.8  18.5  -1.2  23.4  458.  9.82    11
2000 193 14  18.0   2.8  16.9   0.4  20.2  442.  7.89    10
2000 193 15  15.7   0.6  10.4   5.1  11.1  448.  4.46     2
2000 193 16  14.7  -4.8   1.5  13.4   5.7  457.  2.38    -3
2000 193 17  14.3  -4.7   1.6  13.2   4.9  462.  2.09    -2
2000 193 18  14.7  -2.1   9.1  -8.0   3.8  479.  1.74    -5
2000 193 19  15.6  -2.5  12.6  -7.9   3.5  477.  1.78   -13
2000 193 20  15.1  -1.7  13.4  -4.1   6.3  478.  3.24   -15
2000 193 21  14.7  -1.8  14.2   1.1   4.6  504.  2.51   -21
2000 193 22  10.1  -1.1   6.5   2.1   7.8  532.  4.26   -11
2000 193 23   8.7  -0.4   0.4  -5.4   9.1  523.  5.17     1
2000 194  0   9.5  -3.3   7.5  -4.5   5.9  525.  3.47   -18
2000 194  1   8.4  -5.8   5.4   1.5   6.8  541.  4.27   -25
2000 194  2   9.3  -6.0   6.7   1.9   3.2  537.  2.10   -23
2000 194  3   9.6  -7.4   5.7   1.8   2.8  536.  1.90   -23
2000 194  4  10.5  -8.0   6.1   1.8   2.4  531.  1.71   -24
2000 194  5  10.8  -8.7   5.6   1.3   1.4  529.  0.95   -20
2000 194  6  11.2  -9.3   6.3   0.0   1.0  531.  0.64   -16
2000 194  7  11.3  -9.0   6.4   2.2   1.0  532.  0.68   -14
2000 194  8  11.3  -8.9   6.3   2.7   1.1  520.  0.65   -12
2000 194  9  10.7  -8.7   4.3   4.6   4.0  510.  2.24    -1
2000 194 10  10.8  -8.4   3.9   4.9   3.1  502.  1.67    -5
2000 194 11  10.7  -6.5   6.2   5.5   2.4  510.  1.51   -12
2000 194 12  10.7  -8.6   4.9   4.0   2.0  492.  1.14   -16
2000 194 13  10.5  -8.1   4.0   5.2   2.0  488.  1.13   -16
2000 194 14  10.2  -6.5   3.5   6.9   2.4  483.  1.32    -9
2000 194 15   9.7  -6.8   3.0   6.1   3.6  481.  1.94    -2
2000 194 16   9.4  -6.1   2.3   6.7   4.4  484.  2.20     4
2000 194 17   9.6  -5.9   2.0   7.3   2.6  495.  1.37     5
2000 194 18   9.6  -6.4   1.8   6.8   1.5  494.  0.78    -1
2000 194 19   9.6  -6.7   1.3   6.6   1.2  499.  0.64    -6
2000 194 20   9.6  -5.6   0.2   7.5   1.5  485.  0.84    -6
2000 194 21   9.8  -5.8   0.4   7.7   1.6  481.  0.85    -5
2000 194 22   9.6  -5.4   0.9   7.8   1.5  483.  0.72    -8
2000 194 23   9.3  -5.8   2.3   6.9   2.3  473.  1.06    -7
2000 195  0   9.3  -4.7   1.7   7.2   2.7  478.  1.29    -6
2000 195  1   9.1  -3.1  -0.4   8.2   2.4  492.  1.30    -4
2000 195  2   8.8  -2.2  -1.1   8.4   2.0  494.  1.17     0
2000 195  3   8.3  -2.7   1.4   6.9   2.2  477.  1.22     1
2000 195  4   7.4  -4.4   0.6   4.4   3.0  491.  1.46     1
2000 195  5   5.2  -1.9   1.6   0.7   3.8  518.  1.98     6
2000 195  6   4.8  -0.4   1.8  -0.4   3.6  522.  1.99     9
2000 195  7   6.0  -1.0   5.0  -1.1   3.5  510.  1.86     7
2000 195  8   5.9  -1.7   2.7   4.3   3.5  506.  1.78     4
2000 195  9   6.7  -2.3   4.5   1.0   4.6  520.  2.53    17
2000 195 10  19.9  -6.9  14.8  -1.9  20.2  667. 18.01    51
2000 195 11  17.7  -8.7   9.6   1.7  25.6  656. 22.00    30
2000 195 12  16.9  -4.5  12.6  -6.9  31.9  659. 27.86    26
2000 195 13  24.6  -9.5  20.2  -3.5  14.5  635. 12.34    -7
2000 195 14  19.7 -10.7  13.5  -6.0  11.0  628.  8.69    -9
2000 195 15  12.4  -5.7   8.4   3.1  12.1  618.  8.74   -11
2000 195 16  11.8  -6.5   5.9   7.2   8.8  616.  6.31    -8
2000 195 17  13.3 -10.9   4.3   4.2   7.2  618.  5.24    -8
2000 195 18  11.4  -9.2   5.9   2.6   6.9  598.  4.63   -14
2000 195 19  11.3 -10.0   3.9   2.1   6.2  604.  4.19   -24
2000 195 20  10.7  -9.8   4.0  -0.6   4.6  607.  3.16   -37
2000 195 21   9.6  -8.6   3.7  -2.0   3.7  603.  2.48   -43
2000 195 22   8.8  -8.0   3.2  -1.9   3.4  616.  2.35   -41
2000 195 23   7.8  -7.2   0.8  -2.6   2.8  619.  1.99   -37
2000 196  0   5.5  -4.9  -0.8  -1.2   2.8  606.  1.92   -29
2000 196  1   4.3  -2.9  -2.9   0.4   3.4  611.  2.42   -20
2000 196  2   3.9  -2.1  -2.5   1.4   3.7  615.  2.70   -12
2000 196  3   3.6  -1.3  -2.4   0.6   3.4  616.  2.61   -14
2000 196  4   4.1  -1.0  -2.2   0.5   2.7  614.  2.20   -20
2000 196  5   4.3  -1.4  -1.0  -3.6   2.5  607.  1.91   -19
2000 196  6   4.1  -3.4  -0.7   0.0   2.5  591.  1.82   -23
2000 196  7   4.6  -1.7  -1.6  -0.2   2.5  598.  1.86   -17
2000 196  8   4.8  -3.4   0.8  -0.2   2.5  585.  1.80   -17
2000 196  9   4.9  -3.4  -0.2  -1.0   2.6  584.  1.87   -17
2000 196 10   5.3  -2.4   0.8  -4.1   2.8  594.  2.09   -17
2000 196 11   4.4  -2.1   0.8  -1.7   2.7  593.  2.00   -23
2000 196 12   4.6  -2.1   1.8  -1.7   2.5  573.  1.64   -28
2000 196 13   5.2  -2.9   3.1   0.8   2.3  575.  1.52   -24
2000 196 14   5.5  -2.1   3.2  -1.6   2.3  580.  1.55   -19
2000 196 15  10.3  -4.0   3.4  -2.2   4.9  670.  4.40    -7
2000 196 16  13.0  -4.2   6.1   1.7   6.7  735.  7.24    -9
2000 196 17  15.5  -2.7   3.2  -7.4  16.7  767. 19.65    -1
2000 196 18   9.8   1.0  -7.9  -3.4  24.3  778. 29.42     1
2000 196 19   9.4  -0.3  -9.2  -0.6  26.6  782. 32.53     3
2000 196 20   8.0  -1.2  -7.3   2.4  22.2  777. 26.81   -14
2000 196 21   5.5  -0.5  -1.3   1.4  12.5  765. 14.63   -25
2000 196 22   5.9   2.3  -3.1   2.9  15.6  754. 17.74   -23
2000 196 23   5.4   0.9  -2.7   3.3  14.9  738. 16.23   -28
2000 197  0   3.9  -0.6  -2.5   2.4  10.9  745. 12.10   -33
2000 197  1   5.2  -2.1  -3.3   2.8  10.7  719. 11.06   -25
2000 197  2   7.9  -5.0  -4.5   3.2   5.8  741.  6.37   -25
2000 197  3   6.9  -4.1  -5.3   0.6   4.3  721.  4.47   -32
2000 197  4   7.4  -5.1  -4.7   2.2   3.3  758.  3.79   -28
2000 197  5   7.8  -4.6  -2.7   4.9   6.3  745.  6.99   -16
2000 197  6   8.4   2.8  -5.8   3.4   5.3  718.  5.46   -18
2000 197  7   8.3   4.6  -6.1  -2.6   3.8  705.  3.78   -21
2000 197  8   7.1   4.4  -4.3  -3.2   3.2  660.  2.79   -32
2000 197  9   8.0   4.8  -5.6  -3.0   3.5  678.  3.22   -38
2000 197 10   9.2   6.8  -5.0  -3.4   2.8  677.  2.57   -43
2000 197 11  10.0   8.2  -3.6  -4.3   8.7  694.  8.38   -42
2000 197 12   9.6   7.6  -1.8  -5.4   7.9  683.  7.37   -49
2000 197 13   9.9   9.0  -0.6  -3.5  12.5  610.  9.30   -57
2000 197 14  24.4  18.5   9.5   7.3  20.1  866. 30.15   -24
2000 197 15  29.2 -10.2   4.0  -3.2  18.2  858. 26.80     7
2000 197 16  17.5  -0.4   1.5   3.3   5.1 1010. 10.41   -36
2000 197 17  17.4  -0.8   1.4  -1.2   9.8  991. 19.25   -46
2000 197 18  36.5   5.2   6.2   4.8  15.0  993. 29.58   -43
2000 197 19  47.1   5.2  13.2 -35.3  20.6 1000. 41.20   -60
2000 197 20  51.6   8.8  17.6 -45.3   5.9 1040. 12.76  -197
2000 197 21  48.4  19.0  38.7 -19.9   7.2 1107. 17.65  -289
2000 197 22  45.8  21.6  38.1 -12.6   5.7 1089. 13.52  -280
2000 197 23  46.2  34.0  29.2  -8.2   9.7 1079. 22.59  -280
2000 198  0  47.5  34.8  31.8  -2.5   8.1 1030. 17.19  -300
2000 198  1  47.4  30.4  34.7  10.5   2.1 1012.  4.30  -300
2000 198  2  45.9  23.8  33.5  17.9   1.3  970.  2.45  -278
2000 198  3  40.7  13.6  33.0  18.9   1.9  949.  3.42  -259
2000 198  4  39.7   6.4  32.8  20.0   2.8  915.  4.69  -232
2000 198  5  37.4   1.8  26.5  26.0   2.2  883.  3.43  -208
2000 198  6  33.2   2.7  21.1  25.4   1.2  842.  1.70  -195
2000 198  7  29.6   1.2  15.7  24.9   1.5  806.  1.95  -178
2000 198  8  26.8  -0.6  14.6  22.3   0.8  804.  1.03  -174
2000 198  9  24.4   1.6   8.2  22.8   0.7  816.  0.93  -165
2000 198 10  22.2   1.6   4.9  21.5   0.7  788.  0.87  -157
2000 198 11  20.4  -0.1   5.0  19.6   1.2  790.  1.50  -148
2000 198 12  18.3   0.0   1.8  18.0   2.2  781.  2.68  -142
2000 198 13  14.5  -0.2  -0.3  14.3   2.2  772.  2.62  -135
2000 198 14  12.0  -1.5  -2.1  11.2   1.0  784.  1.23  -138
2000 198 15  10.1  -0.1  -3.1   9.3   0.5  770.  0.59  -138
2000 198 16   8.6   2.5  -0.7   8.0   0.6  739.  0.66  -131
2000 198 17   7.7   2.7  -0.7   7.0   0.7  736.  0.89  -125
2000 198 18   6.9   2.7  -1.5   6.0   0.7  743.  0.91  -124
2000 198 19   6.5   4.5  -1.0   3.4   0.7  724.  0.86  -123
2000 198 20   6.0   3.5  -2.5   3.9   0.5  744.  0.66  -120
2000 198 21   5.9   3.5  -2.1   3.8   0.5  734.  0.71  -116
2000 198 22   5.7   3.2  -2.2   3.8   0.5  736.  0.73  -117
2000 198 23   5.7   4.0  -2.2   3.2   0.6  704.  0.81  -116
2000 199  0   5.9   4.9  -1.7   2.7   0.8  684.  0.93  -113
2000 199  1   6.2   5.4  -2.5   0.3   1.1  675.  1.43  -110
2000 199  2   5.4   3.6  -2.2   2.6   0.9  678.  1.16  -106
2000 199  3   4.6   3.2  -1.7   2.3   1.0  670.  1.20  -100
2000 199  4   4.2   1.8  -1.2   2.7   0.9  680.  1.23   -93
2000 199  5   4.0   1.1  -1.5   3.2   0.9  678.  1.14   -86
2000 199  6   3.9   0.9  -1.9   3.2   0.8  668.  0.99   -79
2000 199  7   3.7   0.9  -1.0   3.3   0.7  659.  0.84   -75
2000 199  8   5.7   2.5   1.1   4.6   1.3  659.  1.42   -67
2000 199  9   5.8   4.6   0.8   0.4   1.2  663.  1.61   -70
2000 199 10   5.3   1.7  -1.1   3.9   1.3  685.  1.80   -69
2000 199 11   5.6   1.8  -2.3   4.3   1.2  650.  1.49   -68
2000 199 12   5.2   3.0  -1.8   3.1   1.2  631.  1.33   -69
2000 199 13   4.9   3.6  -1.3   2.8   1.2  624.  1.26   -69
2000 199 14   4.8   1.9  -1.8   3.5   1.1  637.  1.16   -68
2000 199 15   4.6   1.8  -2.0   3.5   1.1  625.  1.11   -64
2000 199 16   4.1   0.5  -2.2   3.2   1.1  625.  1.09   -58
2000 199 17   4.0   0.3  -1.4   3.2   1.2  617.  1.13   -53
2000 199 18   4.0   0.6  -2.8   2.5   1.2  604.  1.06   -48
2000 199 19   3.9   0.9  -2.6   2.3   1.2  595.  1.05   -44
2000 199 20   4.5   2.4  -0.3   3.4   1.2  589.  1.03   -42
2000 199 21   4.9   0.2  -2.8   3.5   1.4  613.  1.24   -40
2000 199 22   5.1  -1.0  -3.3   3.5   1.3  619.  1.15   -40
2000 199 23   5.0   0.1  -3.9   1.8   1.2  595.  1.00   -40
2000 200  0   5.1   0.3  -4.7   0.9   1.3  593.  1.04   -39
2000 200  1   5.3   0.0  -5.1   0.1   1.5  598.  1.19   -35
2000 200  2   6.2   2.7  -4.8  -0.9   2.0  568.  1.37   -33
2000 200  3   5.6   0.7  -3.6   1.1   2.1  587.  1.55   -37
2000 200  4   6.0  -1.9  -5.2  -0.8   2.1  605.  1.55   -35
2000 200  5   6.6   1.0  -5.8  -1.8   2.3  571.  1.49   -34
2000 200  6   6.0   2.5  -0.9   3.1   2.4  570.  1.58   -39
2000 200  7   5.5   2.3  -1.7   1.6   2.1  564.  1.34   -36
2000 200  8   5.5   2.5  -3.7   2.1   2.0  547.  1.19   -36
2000 200  9   5.1   2.4  -2.7   2.3   2.2  546.  1.33   -39
2000 200 10   4.8   1.6  -4.0   1.3   2.3  540.  1.35   -40
2000 200 11   4.7   2.7  -2.8   1.6   2.4  532.  1.41   -41
2000 200 12   5.2   3.1  -1.7   0.1   3.3  539.  1.99   -37
2000 200 13   5.1   0.0  -2.3   0.6   4.1  579.  2.74   -36
2000 200 14   4.8   2.8  -2.8  -0.1   3.9  589.  2.77   -39
2000 200 15   5.1   3.9  -0.9   0.8   3.7  582.  2.55   -36
2000 200 16   5.1   1.2  -3.4  -1.4   3.9  597.  2.86   -33
2000 200 17   5.0   1.7  -3.9   0.1   3.6  591.  2.59   -31
2000 200 18   4.6   1.9  -2.7   1.9   3.0  587.  2.12   -27
2000 200 19   4.8   2.0  -2.6  -1.6   3.4  581.  2.33   -17
2000 200 20   4.6   3.0  -1.2  -0.3   3.1  572.  1.96   -14
2000 200 21   4.4   2.7  -0.9   0.2   2.9  569.  1.85   -22
2000 200 22   4.2   2.4  -1.1   0.1   2.7  574.  1.71   -26
2000 200 23   4.0   1.9  -2.2   0.0   2.5  577.  1.61   -31
2000 201  0   3.9   2.1  -1.6  -1.5   2.4  571.  1.51   -33
2000 201  1   3.8   3.3   0.1   0.9   2.3  556.  1.41   -35
2000 201  2   4.0   1.5  -3.3   0.1   2.0  564.  1.23   -33
2000 201  3   4.0   0.3  -3.3   1.1   1.9  570.  1.18   -34
2000 201  4   3.9   0.2  -3.5   1.0   1.8  564.  1.09   -33
2000 201  5   3.8   1.1  -2.7   1.5   1.8  551.  1.06   -28
2000 201  6   3.6   1.6  -2.1   1.8   1.8  540.  1.03   -22
2000 201  7   3.4   2.2  -0.9   1.9   1.8  522.  0.96   -18
2000 201  8   3.4   1.0  -2.6   0.2   1.8  527.  0.97   -19
2000 201  9   3.4   1.4  -1.4   2.1   2.0  516.  1.03   -24
2000 201 10   3.5   2.2  -1.6   1.4   2.0  500.  0.97   -27
2000 201 11   3.4   1.9  -2.0   0.8   1.8  492.  0.84   -29
2000 201 12   3.6  -0.1  -3.0   0.0   2.0  499.  0.95   -29
2000 201 13   3.6   0.5  -2.3   0.1   2.2  494.  1.01   -27
2000 201 14   4.3  -0.1  -3.3  -0.8   2.6  496.  1.21   -24
2000 201 15   6.9   3.8  -4.2   1.9   5.0  513.  2.60   -12
2000 201 16  12.5   5.9  -7.8   5.7   5.9  605.  4.36    -2
2000 201 17  14.4   9.3  -8.4   6.7   5.0  597.  3.52    -2
2000 201 18  13.0   6.1 -10.7   3.7   7.2  598.  5.06     5
2000 201 19  11.6   5.3  -8.7   2.6   8.1  584.  5.39     2
2000 201 20  12.8   7.3  -9.3   2.1   6.9  552.  4.00    -2
2000 201 21  13.4   6.6  -7.1  -7.9   6.2  568.  3.78    -7
2000 201 22  13.1   8.7  -8.7  -2.7   5.9  555.  3.51   -20
2000 201 23  11.9   8.0  -8.3   1.3   5.1  546.  2.89   -28
2000 202  0  10.8   3.9  -7.8   5.2   4.2  556.  2.55   -26
2000 202  1  11.3   6.2  -4.4  -3.5   2.7  597.  1.84   -29
2000 202  2  10.4   5.4  -4.5  -5.2   2.8  609.  2.07   -47
2000 202  3   9.6   5.5  -0.8  -7.3   2.7  600.  1.94   -62
2000 202  4   9.6   7.4  -1.2  -4.2   2.3  576.  1.53   -71
2000 202  5   9.4   4.1   0.2  -7.9   2.7  598.  1.88   -70
2000 202  6   8.9   3.4   0.4  -7.2   2.4  596.  1.69   -62
2000 202  7   8.9   4.5  -0.6  -7.3   2.6  583.  1.73   -77
2000 202  8   8.7   5.8  -0.7  -6.1   2.6  571.  1.62   -82
2000 202  9   8.6   5.6  -1.5  -6.1   2.5  564.  1.52   -92
2000 202 10   7.6   5.3   0.0  -5.0   5.1  547.  3.00   -81
2000 202 11   7.4   4.8   1.2  -5.4   5.3  540.  3.00   -81
2000 202 12   6.9   4.2   0.1  -5.4   5.5  534.  3.08   -87
2000 202 13   7.2   4.0  -1.3  -0.7   5.1  523.  2.76   -82
2000 202 14   7.7  -2.1  -3.5   6.5   4.4  500.  2.30   -85
2000 202 15   7.6  -0.1  -5.0   5.5   4.7  494.  2.27   -77
2000 202 16   7.7   1.1  -5.6   4.8   4.4  500.  2.22   -73
2000 202 17   6.7   2.7  -4.4   3.8   3.4  477.  1.57   -73
2000 202 18   6.0   3.7  -3.5   0.7   4.2  469.  1.88   -61
2000 202 19   6.5   1.3  -5.8   2.0   4.2  469.  1.88   -60
2000 202 20   6.5   4.6  -2.6   0.3   5.6  463.  2.49   -56
2000 202 21   6.4   4.4   3.3  -2.4   5.0  473.  2.28   -55
2000 202 22   7.2   4.6   5.1  -2.0   3.5  476.  1.61   -59
2000 202 23   7.4   4.4   5.7  -1.7   3.3  478.  1.58   -61
